META-INF/
META-INF/MANIFEST.MF
de/
de/fitcontrol/
de/fitcontrol/fitcontrol/
de/fitcontrol/fitcontrol/config/
de/fitcontrol/fitcontrol/keycloakusers/
META-INF/services/
META-INF/maven/
META-INF/maven/de.fitcontrol/
META-INF/maven/de.fitcontrol/fitcontrol/
application.local.properties
application.properties
application.test.properties
de/fitcontrol/fitcontrol/config/SecurityConfig.class
de/fitcontrol/fitcontrol/config/WebConfig.class
de/fitcontrol/fitcontrol/FitcontrolApplication.class
de/fitcontrol/fitcontrol/keycloakusers/AppUserAdapter.class
de/fitcontrol/fitcontrol/keycloakusers/FitcontrolUserStorageProvider.class
de/fitcontrol/fitcontrol/keycloakusers/FitcontrolUserStorageProviderFactory.class
META-INF/services/org.keycloak.storage.UserStorageProviderFactory
META-INF/maven/de.fitcontrol/fitcontrol/pom.xml
META-INF/maven/de.fitcontrol/fitcontrol/pom.properties
