#
# There is insufficient memory for the Java Runtime Environment to continue.
# Native memory allocation (malloc) failed to allocate 32744 bytes for ChunkPool::allocate
# Possible reasons:
#   The system is out of physical RAM or swap space
#   The process is running with CompressedOops enabled, and the Java Heap may be blocking the growth of the native heap
# Possible solutions:
#   Reduce memory load on the system
#   Increase physical memory or swap space
#   Check if swap backing store is full
#   Decrease Java heap size (-Xmx/-Xms)
#   Decrease number of Java threads
#   Decrease Java thread stack sizes (-Xss)
#   Set larger code cache with -XX:ReservedCodeCacheSize=
#   JVM is running with Zero Based Compressed Oops mode in which the Java heap is
#     placed in the first 32GB address space. The Java Heap base address is the
#     maximum limit for the native heap growth. Please use -XX:HeapBaseMinAddress
#     to set the Java Heap base and to place the Java Heap above 32GB virtual address.
# This output file may be truncated or incomplete.
#
#  Out of Memory Error (arena.cpp:78), pid=6892, tid=14488
#
# JRE version: OpenJDK Runtime Environment Temurin-17.0.7+7 (17.0.7+7) (build 17.0.7+7)
# Java VM: OpenJDK 64-Bit Server VM Temurin-17.0.7+7 (17.0.7+7, mixed mode, tiered, compressed oops, compressed class ptrs, g1 gc, windows-amd64)
# No core dump will be written. Minidumps are not enabled by default on client versions of Windows
#

---------------  S U M M A R Y ------------

Command Line: -Dmaven.home=EMBEDDED -Dclassworlds.conf=D:\fitcontrol\fitcontrol-3.0\.metadata\.plugins\org.eclipse.m2e.launching\launches\m2conf6177715987164355114.tmp -Dmaven.multiModuleProjectDirectory=D:\fitcontrol\fitcontrol-3.0\fitcontrol-parent -Dm2e.build.project.data.socket.port=60175 -Dfile.encoding=UTF-8 -XX:+ShowCodeDetailsInExceptionMessages org.codehaus.plexus.classworlds.launcher.Launcher -B -Dstyle.color=always clean

Host: Intel(R) Core(TM) i7-8750H CPU @ 2.20GHz, 12 cores, 15G,  Windows 11 , 64 bit Build 22621 (10.0.22621.4974)
Time: Sun Mar 30 13:46:25 2025 Mitteleuropäische Sommerzeit elapsed time: 0.387956 seconds (0d 0h 0m 0s)

---------------  T H R E A D  ---------------

Current thread (0x000001b77de395d0):  JavaThread "C1 CompilerThread0" daemon [_thread_in_native, id=14488, stack(0x000000a070e00000,0x000000a070f00000)]


Current CompileTask:
C1:    388  401       3       java.net.URLStreamHandler::parseURL (1201 bytes)

Stack: [0x000000a070e00000,0x000000a070f00000]
Native frames: (J=compiled Java code, j=interpreted, Vv=VM code, C=native code)
V  [jvm.dll+0x67754a]
V  [jvm.dll+0x834304]
V  [jvm.dll+0x835aae]
V  [jvm.dll+0x836113]
V  [jvm.dll+0x24696f]
V  [jvm.dll+0xac2cc]
V  [jvm.dll+0xac67c]
V  [jvm.dll+0x17a3e3]
V  [jvm.dll+0x179f4d]
V  [jvm.dll+0x178954]
V  [jvm.dll+0x178c1a]
V  [jvm.dll+0x17b683]
V  [jvm.dll+0x135ae3]
V  [jvm.dll+0x1353df]
V  [jvm.dll+0x135616]
V  [jvm.dll+0x134aaa]
V  [jvm.dll+0x136771]
V  [jvm.dll+0x2284da]
V  [jvm.dll+0x226615]
V  [jvm.dll+0x7ea90b]
V  [jvm.dll+0x7e4e7a]
V  [jvm.dll+0x676395]
C  [ucrtbase.dll+0x29333]
C  [KERNEL32.DLL+0x1259d]
C  [ntdll.dll+0x5af38]


---------------  P R O C E S S  ---------------

Threads class SMR info:
_java_thread_list=0x000001b77df9eab0, length=12, elements={
0x000001b75cb4d1f0, 0x000001b77dddd160, 0x000001b77ddddee0, 0x000001b77de16620,
0x000001b77de18ff0, 0x000001b77de2a610, 0x000001b77de2b6e0, 0x000001b77de30800,
0x000001b77de395d0, 0x000001b77de3c6c0, 0x000001b77dfa17f0, 0x000001b77dfacb30
}

Java Threads: ( => current thread )
  0x000001b75cb4d1f0 JavaThread "main" [_thread_in_vm, id=21748, stack(0x000000a070000000,0x000000a070100000)]
  0x000001b77dddd160 JavaThread "Reference Handler" daemon [_thread_blocked, id=15560, stack(0x000000a070700000,0x000000a070800000)]
  0x000001b77ddddee0 JavaThread "Finalizer" daemon [_thread_blocked, id=17812, stack(0x000000a070800000,0x000000a070900000)]
  0x000001b77de16620 JavaThread "Signal Dispatcher" daemon [_thread_blocked, id=22680, stack(0x000000a070900000,0x000000a070a00000)]
  0x000001b77de18ff0 JavaThread "Attach Listener" daemon [_thread_blocked, id=7244, stack(0x000000a070a00000,0x000000a070b00000)]
  0x000001b77de2a610 JavaThread "Service Thread" daemon [_thread_blocked, id=23148, stack(0x000000a070b00000,0x000000a070c00000)]
  0x000001b77de2b6e0 JavaThread "Monitor Deflation Thread" daemon [_thread_blocked, id=6388, stack(0x000000a070c00000,0x000000a070d00000)]
  0x000001b77de30800 JavaThread "C2 CompilerThread0" daemon [_thread_blocked, id=7932, stack(0x000000a070d00000,0x000000a070e00000)]
=>0x000001b77de395d0 JavaThread "C1 CompilerThread0" daemon [_thread_in_native, id=14488, stack(0x000000a070e00000,0x000000a070f00000)]
  0x000001b77de3c6c0 JavaThread "Sweeper thread" daemon [_thread_blocked, id=8268, stack(0x000000a070f00000,0x000000a071000000)]
  0x000001b77dfa17f0 JavaThread "Notification Thread" daemon [_thread_blocked, id=22192, stack(0x000000a071000000,0x000000a071100000)]
  0x000001b77dfacb30 JavaThread "Common-Cleaner" daemon [_thread_blocked, id=10572, stack(0x000000a071200000,0x000000a071300000)]

Other Threads:
  0x000001b77dd7d720 VMThread "VM Thread" [stack: 0x000000a070600000,0x000000a070700000] [id=24528]
  0x000001b75ce6efd0 WatcherThread [stack: 0x000000a071100000,0x000000a071200000] [id=4324]
  0x000001b75ce49190 GCTaskThread "GC Thread#0" [stack: 0x000000a070100000,0x000000a070200000] [id=20676]
  0x000001b75ce59e60 ConcurrentGCThread "G1 Main Marker" [stack: 0x000000a070200000,0x000000a070300000] [id=21272]
  0x000001b75ce5aff0 ConcurrentGCThread "G1 Conc#0" [stack: 0x000000a070300000,0x000000a070400000] [id=16056]
  0x000001b75ce8e6e0 ConcurrentGCThread "G1 Refine#0" [stack: 0x000000a070400000,0x000000a070500000] [id=21828]
  0x000001b77dc2d360 ConcurrentGCThread "G1 Service" [stack: 0x000000a070500000,0x000000a070600000] [id=1748]

Threads with active compile tasks:
C1 CompilerThread0      446  401       3       java.net.URLStreamHandler::parseURL (1201 bytes)

VM state: not at safepoint (normal execution)

VM Mutex/Monitor currently owned by a thread: None

Heap address: 0x0000000701800000, size: 4072 MB, Compressed Oops mode: Zero based, Oop shift amount: 3

CDS archive(s) not mapped
Compressed class space mapped at: 0x0000000800000000-0x0000000840000000, reserved size: 1073741824
Narrow klass base: 0x0000000800000000, Narrow klass shift: 0, Narrow klass range: 0x40000000

GC Precious Log:
 CPUs: 12 total, 12 available
 Memory: 16284M
 Large Page Support: Disabled
 NUMA Support: Disabled
 Compressed Oops: Enabled (Zero based)
 Heap Region Size: 2M
 Heap Min Capacity: 8M
 Heap Initial Capacity: 256M
 Heap Max Capacity: 4072M
 Pre-touch: Disabled
 Parallel Workers: 10
 Concurrent Workers: 3
 Concurrent Refinement Workers: 10
 Periodic GC: Disabled

Heap:
 garbage-first heap   total 262144K, used 8192K [0x0000000701800000, 0x0000000800000000)
  region size 2048K, 5 young (10240K), 0 survivors (0K)
 Metaspace       used 9036K, committed 9216K, reserved 1114112K
  class space    used 779K, committed 896K, reserved 1048576K

Heap Regions: E=young(eden), S=young(survivor), O=old, HS=humongous(starts), HC=humongous(continues), CS=collection set, F=free, OA=open archive, CA=closed archive, TAMS=top-at-mark-start (previous, next)
|   0|0x0000000701800000, 0x0000000701800000, 0x0000000701a00000|  0%| F|  |TAMS 0x0000000701800000, 0x0000000701800000| Untracked 
|   1|0x0000000701a00000, 0x0000000701a00000, 0x0000000701c00000|  0%| F|  |TAMS 0x0000000701a00000, 0x0000000701a00000| Untracked 
|   2|0x0000000701c00000, 0x0000000701c00000, 0x0000000701e00000|  0%| F|  |TAMS 0x0000000701c00000, 0x0000000701c00000| Untracked 
|   3|0x0000000701e00000, 0x0000000701e00000, 0x0000000702000000|  0%| F|  |TAMS 0x0000000701e00000, 0x0000000701e00000| Untracked 
|   4|0x0000000702000000, 0x0000000702000000, 0x0000000702200000|  0%| F|  |TAMS 0x0000000702000000, 0x0000000702000000| Untracked 
|   5|0x0000000702200000, 0x0000000702200000, 0x0000000702400000|  0%| F|  |TAMS 0x0000000702200000, 0x0000000702200000| Untracked 
|   6|0x0000000702400000, 0x0000000702400000, 0x0000000702600000|  0%| F|  |TAMS 0x0000000702400000, 0x0000000702400000| Untracked 
|   7|0x0000000702600000, 0x0000000702600000, 0x0000000702800000|  0%| F|  |TAMS 0x0000000702600000, 0x0000000702600000| Untracked 
|   8|0x0000000702800000, 0x0000000702800000, 0x0000000702a00000|  0%| F|  |TAMS 0x0000000702800000, 0x0000000702800000| Untracked 
|   9|0x0000000702a00000, 0x0000000702a00000, 0x0000000702c00000|  0%| F|  |TAMS 0x0000000702a00000, 0x0000000702a00000| Untracked 
|  10|0x0000000702c00000, 0x0000000702c00000, 0x0000000702e00000|  0%| F|  |TAMS 0x0000000702c00000, 0x0000000702c00000| Untracked 
|  11|0x0000000702e00000, 0x0000000702e00000, 0x0000000703000000|  0%| F|  |TAMS 0x0000000702e00000, 0x0000000702e00000| Untracked 
|  12|0x0000000703000000, 0x0000000703000000, 0x0000000703200000|  0%| F|  |TAMS 0x0000000703000000, 0x0000000703000000| Untracked 
|  13|0x0000000703200000, 0x0000000703200000, 0x0000000703400000|  0%| F|  |TAMS 0x0000000703200000, 0x0000000703200000| Untracked 
|  14|0x0000000703400000, 0x0000000703400000, 0x0000000703600000|  0%| F|  |TAMS 0x0000000703400000, 0x0000000703400000| Untracked 
|  15|0x0000000703600000, 0x0000000703600000, 0x0000000703800000|  0%| F|  |TAMS 0x0000000703600000, 0x0000000703600000| Untracked 
|  16|0x0000000703800000, 0x0000000703800000, 0x0000000703a00000|  0%| F|  |TAMS 0x0000000703800000, 0x0000000703800000| Untracked 
|  17|0x0000000703a00000, 0x0000000703a00000, 0x0000000703c00000|  0%| F|  |TAMS 0x0000000703a00000, 0x0000000703a00000| Untracked 
|  18|0x0000000703c00000, 0x0000000703c00000, 0x0000000703e00000|  0%| F|  |TAMS 0x0000000703c00000, 0x0000000703c00000| Untracked 
|  19|0x0000000703e00000, 0x0000000703e00000, 0x0000000704000000|  0%| F|  |TAMS 0x0000000703e00000, 0x0000000703e00000| Untracked 
|  20|0x0000000704000000, 0x0000000704000000, 0x0000000704200000|  0%| F|  |TAMS 0x0000000704000000, 0x0000000704000000| Untracked 
|  21|0x0000000704200000, 0x0000000704200000, 0x0000000704400000|  0%| F|  |TAMS 0x0000000704200000, 0x0000000704200000| Untracked 
|  22|0x0000000704400000, 0x0000000704400000, 0x0000000704600000|  0%| F|  |TAMS 0x0000000704400000, 0x0000000704400000| Untracked 
|  23|0x0000000704600000, 0x0000000704600000, 0x0000000704800000|  0%| F|  |TAMS 0x0000000704600000, 0x0000000704600000| Untracked 
|  24|0x0000000704800000, 0x0000000704800000, 0x0000000704a00000|  0%| F|  |TAMS 0x0000000704800000, 0x0000000704800000| Untracked 
|  25|0x0000000704a00000, 0x0000000704a00000, 0x0000000704c00000|  0%| F|  |TAMS 0x0000000704a00000, 0x0000000704a00000| Untracked 
|  26|0x0000000704c00000, 0x0000000704c00000, 0x0000000704e00000|  0%| F|  |TAMS 0x0000000704c00000, 0x0000000704c00000| Untracked 
|  27|0x0000000704e00000, 0x0000000704e00000, 0x0000000705000000|  0%| F|  |TAMS 0x0000000704e00000, 0x0000000704e00000| Untracked 
|  28|0x0000000705000000, 0x0000000705000000, 0x0000000705200000|  0%| F|  |TAMS 0x0000000705000000, 0x0000000705000000| Untracked 
|  29|0x0000000705200000, 0x0000000705200000, 0x0000000705400000|  0%| F|  |TAMS 0x0000000705200000, 0x0000000705200000| Untracked 
|  30|0x0000000705400000, 0x0000000705400000, 0x0000000705600000|  0%| F|  |TAMS 0x0000000705400000, 0x0000000705400000| Untracked 
|  31|0x0000000705600000, 0x0000000705600000, 0x0000000705800000|  0%| F|  |TAMS 0x0000000705600000, 0x0000000705600000| Untracked 
|  32|0x0000000705800000, 0x0000000705800000, 0x0000000705a00000|  0%| F|  |TAMS 0x0000000705800000, 0x0000000705800000| Untracked 
|  33|0x0000000705a00000, 0x0000000705a00000, 0x0000000705c00000|  0%| F|  |TAMS 0x0000000705a00000, 0x0000000705a00000| Untracked 
|  34|0x0000000705c00000, 0x0000000705c00000, 0x0000000705e00000|  0%| F|  |TAMS 0x0000000705c00000, 0x0000000705c00000| Untracked 
|  35|0x0000000705e00000, 0x0000000705e00000, 0x0000000706000000|  0%| F|  |TAMS 0x0000000705e00000, 0x0000000705e00000| Untracked 
|  36|0x0000000706000000, 0x0000000706000000, 0x0000000706200000|  0%| F|  |TAMS 0x0000000706000000, 0x0000000706000000| Untracked 
|  37|0x0000000706200000, 0x0000000706200000, 0x0000000706400000|  0%| F|  |TAMS 0x0000000706200000, 0x0000000706200000| Untracked 
|  38|0x0000000706400000, 0x0000000706400000, 0x0000000706600000|  0%| F|  |TAMS 0x0000000706400000, 0x0000000706400000| Untracked 
|  39|0x0000000706600000, 0x0000000706600000, 0x0000000706800000|  0%| F|  |TAMS 0x0000000706600000, 0x0000000706600000| Untracked 
|  40|0x0000000706800000, 0x0000000706800000, 0x0000000706a00000|  0%| F|  |TAMS 0x0000000706800000, 0x0000000706800000| Untracked 
|  41|0x0000000706a00000, 0x0000000706a00000, 0x0000000706c00000|  0%| F|  |TAMS 0x0000000706a00000, 0x0000000706a00000| Untracked 
|  42|0x0000000706c00000, 0x0000000706c00000, 0x0000000706e00000|  0%| F|  |TAMS 0x0000000706c00000, 0x0000000706c00000| Untracked 
|  43|0x0000000706e00000, 0x0000000706e00000, 0x0000000707000000|  0%| F|  |TAMS 0x0000000706e00000, 0x0000000706e00000| Untracked 
|  44|0x0000000707000000, 0x0000000707000000, 0x0000000707200000|  0%| F|  |TAMS 0x0000000707000000, 0x0000000707000000| Untracked 
|  45|0x0000000707200000, 0x0000000707200000, 0x0000000707400000|  0%| F|  |TAMS 0x0000000707200000, 0x0000000707200000| Untracked 
|  46|0x0000000707400000, 0x0000000707400000, 0x0000000707600000|  0%| F|  |TAMS 0x0000000707400000, 0x0000000707400000| Untracked 
|  47|0x0000000707600000, 0x0000000707600000, 0x0000000707800000|  0%| F|  |TAMS 0x0000000707600000, 0x0000000707600000| Untracked 
|  48|0x0000000707800000, 0x0000000707800000, 0x0000000707a00000|  0%| F|  |TAMS 0x0000000707800000, 0x0000000707800000| Untracked 
|  49|0x0000000707a00000, 0x0000000707a00000, 0x0000000707c00000|  0%| F|  |TAMS 0x0000000707a00000, 0x0000000707a00000| Untracked 
|  50|0x0000000707c00000, 0x0000000707c00000, 0x0000000707e00000|  0%| F|  |TAMS 0x0000000707c00000, 0x0000000707c00000| Untracked 
|  51|0x0000000707e00000, 0x0000000707e00000, 0x0000000708000000|  0%| F|  |TAMS 0x0000000707e00000, 0x0000000707e00000| Untracked 
|  52|0x0000000708000000, 0x0000000708000000, 0x0000000708200000|  0%| F|  |TAMS 0x0000000708000000, 0x0000000708000000| Untracked 
|  53|0x0000000708200000, 0x0000000708200000, 0x0000000708400000|  0%| F|  |TAMS 0x0000000708200000, 0x0000000708200000| Untracked 
|  54|0x0000000708400000, 0x0000000708400000, 0x0000000708600000|  0%| F|  |TAMS 0x0000000708400000, 0x0000000708400000| Untracked 
|  55|0x0000000708600000, 0x0000000708600000, 0x0000000708800000|  0%| F|  |TAMS 0x0000000708600000, 0x0000000708600000| Untracked 
|  56|0x0000000708800000, 0x0000000708800000, 0x0000000708a00000|  0%| F|  |TAMS 0x0000000708800000, 0x0000000708800000| Untracked 
|  57|0x0000000708a00000, 0x0000000708a00000, 0x0000000708c00000|  0%| F|  |TAMS 0x0000000708a00000, 0x0000000708a00000| Untracked 
|  58|0x0000000708c00000, 0x0000000708c00000, 0x0000000708e00000|  0%| F|  |TAMS 0x0000000708c00000, 0x0000000708c00000| Untracked 
|  59|0x0000000708e00000, 0x0000000708e00000, 0x0000000709000000|  0%| F|  |TAMS 0x0000000708e00000, 0x0000000708e00000| Untracked 
|  60|0x0000000709000000, 0x0000000709000000, 0x0000000709200000|  0%| F|  |TAMS 0x0000000709000000, 0x0000000709000000| Untracked 
|  61|0x0000000709200000, 0x0000000709200000, 0x0000000709400000|  0%| F|  |TAMS 0x0000000709200000, 0x0000000709200000| Untracked 
|  62|0x0000000709400000, 0x0000000709400000, 0x0000000709600000|  0%| F|  |TAMS 0x0000000709400000, 0x0000000709400000| Untracked 
|  63|0x0000000709600000, 0x0000000709600000, 0x0000000709800000|  0%| F|  |TAMS 0x0000000709600000, 0x0000000709600000| Untracked 
|  64|0x0000000709800000, 0x0000000709800000, 0x0000000709a00000|  0%| F|  |TAMS 0x0000000709800000, 0x0000000709800000| Untracked 
|  65|0x0000000709a00000, 0x0000000709a00000, 0x0000000709c00000|  0%| F|  |TAMS 0x0000000709a00000, 0x0000000709a00000| Untracked 
|  66|0x0000000709c00000, 0x0000000709c00000, 0x0000000709e00000|  0%| F|  |TAMS 0x0000000709c00000, 0x0000000709c00000| Untracked 
|  67|0x0000000709e00000, 0x0000000709e00000, 0x000000070a000000|  0%| F|  |TAMS 0x0000000709e00000, 0x0000000709e00000| Untracked 
|  68|0x000000070a000000, 0x000000070a000000, 0x000000070a200000|  0%| F|  |TAMS 0x000000070a000000, 0x000000070a000000| Untracked 
|  69|0x000000070a200000, 0x000000070a200000, 0x000000070a400000|  0%| F|  |TAMS 0x000000070a200000, 0x000000070a200000| Untracked 
|  70|0x000000070a400000, 0x000000070a400000, 0x000000070a600000|  0%| F|  |TAMS 0x000000070a400000, 0x000000070a400000| Untracked 
|  71|0x000000070a600000, 0x000000070a600000, 0x000000070a800000|  0%| F|  |TAMS 0x000000070a600000, 0x000000070a600000| Untracked 
|  72|0x000000070a800000, 0x000000070a800000, 0x000000070aa00000|  0%| F|  |TAMS 0x000000070a800000, 0x000000070a800000| Untracked 
|  73|0x000000070aa00000, 0x000000070aa00000, 0x000000070ac00000|  0%| F|  |TAMS 0x000000070aa00000, 0x000000070aa00000| Untracked 
|  74|0x000000070ac00000, 0x000000070ac00000, 0x000000070ae00000|  0%| F|  |TAMS 0x000000070ac00000, 0x000000070ac00000| Untracked 
|  75|0x000000070ae00000, 0x000000070ae00000, 0x000000070b000000|  0%| F|  |TAMS 0x000000070ae00000, 0x000000070ae00000| Untracked 
|  76|0x000000070b000000, 0x000000070b000000, 0x000000070b200000|  0%| F|  |TAMS 0x000000070b000000, 0x000000070b000000| Untracked 
|  77|0x000000070b200000, 0x000000070b200000, 0x000000070b400000|  0%| F|  |TAMS 0x000000070b200000, 0x000000070b200000| Untracked 
|  78|0x000000070b400000, 0x000000070b400000, 0x000000070b600000|  0%| F|  |TAMS 0x000000070b400000, 0x000000070b400000| Untracked 
|  79|0x000000070b600000, 0x000000070b600000, 0x000000070b800000|  0%| F|  |TAMS 0x000000070b600000, 0x000000070b600000| Untracked 
|  80|0x000000070b800000, 0x000000070b800000, 0x000000070ba00000|  0%| F|  |TAMS 0x000000070b800000, 0x000000070b800000| Untracked 
|  81|0x000000070ba00000, 0x000000070ba00000, 0x000000070bc00000|  0%| F|  |TAMS 0x000000070ba00000, 0x000000070ba00000| Untracked 
|  82|0x000000070bc00000, 0x000000070bc00000, 0x000000070be00000|  0%| F|  |TAMS 0x000000070bc00000, 0x000000070bc00000| Untracked 
|  83|0x000000070be00000, 0x000000070be00000, 0x000000070c000000|  0%| F|  |TAMS 0x000000070be00000, 0x000000070be00000| Untracked 
|  84|0x000000070c000000, 0x000000070c000000, 0x000000070c200000|  0%| F|  |TAMS 0x000000070c000000, 0x000000070c000000| Untracked 
|  85|0x000000070c200000, 0x000000070c200000, 0x000000070c400000|  0%| F|  |TAMS 0x000000070c200000, 0x000000070c200000| Untracked 
|  86|0x000000070c400000, 0x000000070c400000, 0x000000070c600000|  0%| F|  |TAMS 0x000000070c400000, 0x000000070c400000| Untracked 
|  87|0x000000070c600000, 0x000000070c600000, 0x000000070c800000|  0%| F|  |TAMS 0x000000070c600000, 0x000000070c600000| Untracked 
|  88|0x000000070c800000, 0x000000070c800000, 0x000000070ca00000|  0%| F|  |TAMS 0x000000070c800000, 0x000000070c800000| Untracked 
|  89|0x000000070ca00000, 0x000000070ca00000, 0x000000070cc00000|  0%| F|  |TAMS 0x000000070ca00000, 0x000000070ca00000| Untracked 
|  90|0x000000070cc00000, 0x000000070cc00000, 0x000000070ce00000|  0%| F|  |TAMS 0x000000070cc00000, 0x000000070cc00000| Untracked 
|  91|0x000000070ce00000, 0x000000070ce00000, 0x000000070d000000|  0%| F|  |TAMS 0x000000070ce00000, 0x000000070ce00000| Untracked 
|  92|0x000000070d000000, 0x000000070d000000, 0x000000070d200000|  0%| F|  |TAMS 0x000000070d000000, 0x000000070d000000| Untracked 
|  93|0x000000070d200000, 0x000000070d200000, 0x000000070d400000|  0%| F|  |TAMS 0x000000070d200000, 0x000000070d200000| Untracked 
|  94|0x000000070d400000, 0x000000070d400000, 0x000000070d600000|  0%| F|  |TAMS 0x000000070d400000, 0x000000070d400000| Untracked 
|  95|0x000000070d600000, 0x000000070d600000, 0x000000070d800000|  0%| F|  |TAMS 0x000000070d600000, 0x000000070d600000| Untracked 
|  96|0x000000070d800000, 0x000000070d800000, 0x000000070da00000|  0%| F|  |TAMS 0x000000070d800000, 0x000000070d800000| Untracked 
|  97|0x000000070da00000, 0x000000070da00000, 0x000000070dc00000|  0%| F|  |TAMS 0x000000070da00000, 0x000000070da00000| Untracked 
|  98|0x000000070dc00000, 0x000000070dc00000, 0x000000070de00000|  0%| F|  |TAMS 0x000000070dc00000, 0x000000070dc00000| Untracked 
|  99|0x000000070de00000, 0x000000070de00000, 0x000000070e000000|  0%| F|  |TAMS 0x000000070de00000, 0x000000070de00000| Untracked 
| 100|0x000000070e000000, 0x000000070e000000, 0x000000070e200000|  0%| F|  |TAMS 0x000000070e000000, 0x000000070e000000| Untracked 
| 101|0x000000070e200000, 0x000000070e200000, 0x000000070e400000|  0%| F|  |TAMS 0x000000070e200000, 0x000000070e200000| Untracked 
| 102|0x000000070e400000, 0x000000070e400000, 0x000000070e600000|  0%| F|  |TAMS 0x000000070e400000, 0x000000070e400000| Untracked 
| 103|0x000000070e600000, 0x000000070e600000, 0x000000070e800000|  0%| F|  |TAMS 0x000000070e600000, 0x000000070e600000| Untracked 
| 104|0x000000070e800000, 0x000000070e800000, 0x000000070ea00000|  0%| F|  |TAMS 0x000000070e800000, 0x000000070e800000| Untracked 
| 105|0x000000070ea00000, 0x000000070ea00000, 0x000000070ec00000|  0%| F|  |TAMS 0x000000070ea00000, 0x000000070ea00000| Untracked 
| 106|0x000000070ec00000, 0x000000070ec00000, 0x000000070ee00000|  0%| F|  |TAMS 0x000000070ec00000, 0x000000070ec00000| Untracked 
| 107|0x000000070ee00000, 0x000000070ee00000, 0x000000070f000000|  0%| F|  |TAMS 0x000000070ee00000, 0x000000070ee00000| Untracked 
| 108|0x000000070f000000, 0x000000070f000000, 0x000000070f200000|  0%| F|  |TAMS 0x000000070f000000, 0x000000070f000000| Untracked 
| 109|0x000000070f200000, 0x000000070f200000, 0x000000070f400000|  0%| F|  |TAMS 0x000000070f200000, 0x000000070f200000| Untracked 
| 110|0x000000070f400000, 0x000000070f400000, 0x000000070f600000|  0%| F|  |TAMS 0x000000070f400000, 0x000000070f400000| Untracked 
| 111|0x000000070f600000, 0x000000070f600000, 0x000000070f800000|  0%| F|  |TAMS 0x000000070f600000, 0x000000070f600000| Untracked 
| 112|0x000000070f800000, 0x000000070f800000, 0x000000070fa00000|  0%| F|  |TAMS 0x000000070f800000, 0x000000070f800000| Untracked 
| 113|0x000000070fa00000, 0x000000070fa00000, 0x000000070fc00000|  0%| F|  |TAMS 0x000000070fa00000, 0x000000070fa00000| Untracked 
| 114|0x000000070fc00000, 0x000000070fc00000, 0x000000070fe00000|  0%| F|  |TAMS 0x000000070fc00000, 0x000000070fc00000| Untracked 
| 115|0x000000070fe00000, 0x000000070fe00000, 0x0000000710000000|  0%| F|  |TAMS 0x000000070fe00000, 0x000000070fe00000| Untracked 
| 116|0x0000000710000000, 0x0000000710000000, 0x0000000710200000|  0%| F|  |TAMS 0x0000000710000000, 0x0000000710000000| Untracked 
| 117|0x0000000710200000, 0x0000000710200000, 0x0000000710400000|  0%| F|  |TAMS 0x0000000710200000, 0x0000000710200000| Untracked 
| 118|0x0000000710400000, 0x0000000710400000, 0x0000000710600000|  0%| F|  |TAMS 0x0000000710400000, 0x0000000710400000| Untracked 
| 119|0x0000000710600000, 0x0000000710600000, 0x0000000710800000|  0%| F|  |TAMS 0x0000000710600000, 0x0000000710600000| Untracked 
| 120|0x0000000710800000, 0x0000000710800000, 0x0000000710a00000|  0%| F|  |TAMS 0x0000000710800000, 0x0000000710800000| Untracked 
| 121|0x0000000710a00000, 0x0000000710a00000, 0x0000000710c00000|  0%| F|  |TAMS 0x0000000710a00000, 0x0000000710a00000| Untracked 
| 122|0x0000000710c00000, 0x0000000710c00000, 0x0000000710e00000|  0%| F|  |TAMS 0x0000000710c00000, 0x0000000710c00000| Untracked 
| 123|0x0000000710e00000, 0x0000000710e71250, 0x0000000711000000| 22%| E|  |TAMS 0x0000000710e00000, 0x0000000710e00000| Complete 
| 124|0x0000000711000000, 0x0000000711200000, 0x0000000711200000|100%| E|CS|TAMS 0x0000000711000000, 0x0000000711000000| Complete 
| 125|0x0000000711200000, 0x0000000711400000, 0x0000000711400000|100%| E|CS|TAMS 0x0000000711200000, 0x0000000711200000| Complete 
| 126|0x0000000711400000, 0x0000000711600000, 0x0000000711600000|100%| E|CS|TAMS 0x0000000711400000, 0x0000000711400000| Complete 
| 127|0x0000000711600000, 0x0000000711800000, 0x0000000711800000|100%| E|CS|TAMS 0x0000000711600000, 0x0000000711600000| Complete 

Card table byte_map: [0x000001b772100000,0x000001b772900000] _byte_map_base: 0x000001b76e8f4000

Marking Bits (Prev, Next): (CMBitMap*) 0x000001b75ce496b0, (CMBitMap*) 0x000001b75ce496f0
 Prev Bits: [0x000001b773100000, 0x000001b7770a0000)
 Next Bits: [0x000001b7770a0000, 0x000001b77b040000)

Polling page: 0x000001b75ce90000

Metaspace:

Usage:
  Non-class:      8.25 MB used.
      Class:    795.09 KB used.
       Both:      9.02 MB used.

Virtual space:
  Non-class space:       64.00 MB reserved,       8.31 MB ( 13%) committed,  1 nodes.
      Class space:        1.00 GB reserved,     896.00 KB ( <1%) committed,  1 nodes.
             Both:        1.06 GB reserved,       9.19 MB ( <1%) committed. 

Chunk freelists:
   Non-Class:  7.00 MB
       Class:  15.17 MB
        Both:  22.17 MB

MaxMetaspaceSize: unlimited
CompressedClassSpaceSize: 1.00 GB
Initial GC threshold: 21.00 MB
Current GC threshold: 21.00 MB
CDS: off
MetaspaceReclaimPolicy: balanced
 - commit_granule_bytes: 65536.
 - commit_granule_words: 8192.
 - virtual_space_node_default_size: 8388608.
 - enlarge_chunks_in_place: 1.
 - new_chunks_are_fully_committed: 0.
 - uncommit_free_chunks: 1.
 - use_allocation_guard: 0.
 - handle_deallocations: 1.


Internal statistics:

num_allocs_failed_limit: 0.
num_arena_births: 10.
num_arena_deaths: 0.
num_vsnodes_births: 2.
num_vsnodes_deaths: 0.
num_space_committed: 147.
num_space_uncommitted: 0.
num_chunks_returned_to_freelist: 0.
num_chunks_taken_from_freelist: 75.
num_chunk_merges: 0.
num_chunk_splits: 44.
num_chunks_enlarged: 34.
num_inconsistent_stats: 0.

CodeHeap 'non-profiled nmethods': size=120000Kb used=142Kb max_used=142Kb free=119857Kb
 bounds [0x000001b769750000, 0x000001b7699c0000, 0x000001b770c80000]
CodeHeap 'profiled nmethods': size=120000Kb used=610Kb max_used=610Kb free=119389Kb
 bounds [0x000001b761c80000, 0x000001b761ef0000, 0x000001b7691b0000]
CodeHeap 'non-nmethods': size=5760Kb used=1119Kb max_used=1134Kb free=4640Kb
 bounds [0x000001b7691b0000, 0x000001b769420000, 0x000001b769750000]
 total_blobs=813 nmethods=413 adapters=313
 compilation: enabled
              stopped_count=0, restarted_count=0
 full_count=0

Compilation events (20 events):
Event: 0.371 Thread 0x000001b77de395d0  392       3       jdk.internal.module.SystemModuleFinders$SystemModuleReader::find (59 bytes)
Event: 0.371 Thread 0x000001b77de395d0 nmethod 392 0x000001b761d13510 code [0x000001b761d137c0, 0x000001b761d14408]
Event: 0.371 Thread 0x000001b77de395d0  394       3       java.util.Properties::loadConvert (540 bytes)
Event: 0.371 Thread 0x000001b77de30800  396 %     4       java.lang.StringLatin1::replace @ 79 (198 bytes)
Event: 0.372 Thread 0x000001b77de395d0 nmethod 394 0x000001b761d14890 code [0x000001b761d14b80, 0x000001b761d15fb8]
Event: 0.372 Thread 0x000001b77de395d0  395       3       java.lang.StringUTF16::compress (20 bytes)
Event: 0.373 Thread 0x000001b77de395d0 nmethod 395 0x000001b761d16610 code [0x000001b761d167c0, 0x000001b761d16a08]
Event: 0.373 Thread 0x000001b77de395d0  397       3       jdk.internal.access.SharedSecrets::javaUtilJarAccess (19 bytes)
Event: 0.373 Thread 0x000001b77de395d0 nmethod 397 0x000001b761d16b10 code [0x000001b761d16d00, 0x000001b761d170c8]
Event: 0.374 Thread 0x000001b77de395d0  399       3       java.util.concurrent.ConcurrentHashMap$ValueIterator::next (34 bytes)
Event: 0.374 Thread 0x000001b77de395d0 nmethod 399 0x000001b761d17290 code [0x000001b761d17440, 0x000001b761d176b8]
Event: 0.374 Thread 0x000001b77de395d0  400       3       sun.net.www.protocol.file.Handler::parseURL (18 bytes)
Event: 0.374 Thread 0x000001b77de395d0 nmethod 400 0x000001b761d17810 code [0x000001b761d179c0, 0x000001b761d17b78]
Event: 0.374 Thread 0x000001b77de395d0  402       3       java.lang.String::indexOf (64 bytes)
Event: 0.374 Thread 0x000001b77de395d0 nmethod 402 0x000001b761d17c90 code [0x000001b761d17ea0, 0x000001b761d18388]
Event: 0.374 Thread 0x000001b77de395d0  403       3       java.lang.StringLatin1::indexOf (25 bytes)
Event: 0.375 Thread 0x000001b77de395d0 nmethod 403 0x000001b761d18510 code [0x000001b761d186c0, 0x000001b761d188c8]
Event: 0.375 Thread 0x000001b77de395d0  401       3       java.net.URLStreamHandler::parseURL (1201 bytes)
Event: 0.377 Thread 0x000001b77de30800 nmethod 396% 0x000001b76976f890 code [0x000001b76976fa20, 0x000001b76976fdf8]
Event: 0.383 Thread 0x000001b77de30800  410 %     4       java.lang.StringLatin1::replace @ 13 (198 bytes)

GC Heap History (0 events):
No events

Dll operation events (6 events):
Event: 0.010 Loaded shared library D:\Programme\spring-tool-suite-4-4.19.0.RELEASE-e4.28.0-win32.win32.x86_64\sts-4.19.0.RELEASE\plugins\org.eclipse.justj.openjdk.hotspot.jre.full.win32.x86_64_17.0.7.v20230425-1502\jre\bin\java.dll
Event: 0.116 Loaded shared library D:\Programme\spring-tool-suite-4-4.19.0.RELEASE-e4.28.0-win32.win32.x86_64\sts-4.19.0.RELEASE\plugins\org.eclipse.justj.openjdk.hotspot.jre.full.win32.x86_64_17.0.7.v20230425-1502\jre\bin\net.dll
Event: 0.119 Loaded shared library D:\Programme\spring-tool-suite-4-4.19.0.RELEASE-e4.28.0-win32.win32.x86_64\sts-4.19.0.RELEASE\plugins\org.eclipse.justj.openjdk.hotspot.jre.full.win32.x86_64_17.0.7.v20230425-1502\jre\bin\nio.dll
Event: 0.127 Loaded shared library D:\Programme\spring-tool-suite-4-4.19.0.RELEASE-e4.28.0-win32.win32.x86_64\sts-4.19.0.RELEASE\plugins\org.eclipse.justj.openjdk.hotspot.jre.full.win32.x86_64_17.0.7.v20230425-1502\jre\bin\zip.dll
Event: 0.253 Loaded shared library D:\Programme\spring-tool-suite-4-4.19.0.RELEASE-e4.28.0-win32.win32.x86_64\sts-4.19.0.RELEASE\plugins\org.eclipse.justj.openjdk.hotspot.jre.full.win32.x86_64_17.0.7.v20230425-1502\jre\bin\jimage.dll
Event: 0.313 Loaded shared library C:\Users\inesd\AppData\Local\Temp\jansi-2.4.0-567e6e260978bf38-jansi.dll

Deoptimization events (8 events):
Event: 0.150 Thread 0x000001b75cb4d1f0 DEOPT PACKING pc=0x000001b761c958e7 sp=0x000000a0700ff060
Event: 0.150 Thread 0x000001b75cb4d1f0 DEOPT UNPACKING pc=0x000001b769207143 sp=0x000000a0700fe480 mode 0
Event: 0.256 Thread 0x000001b75cb4d1f0 Uncommon trap: trap_request=0xffffff45 fr.pc=0x000001b76975a264 relative=0x0000000000000064
Event: 0.256 Thread 0x000001b75cb4d1f0 Uncommon trap: reason=unstable_if action=reinterpret pc=0x000001b76975a264 method=java.io.WinNTFileSystem.isSlash(C)Z @ 9 c2
Event: 0.256 Thread 0x000001b75cb4d1f0 DEOPT PACKING pc=0x000001b76975a264 sp=0x000000a0700fd610
Event: 0.256 Thread 0x000001b75cb4d1f0 DEOPT UNPACKING pc=0x000001b7692069a3 sp=0x000000a0700fd598 mode 2
Event: 0.336 Thread 0x000001b75cb4d1f0 DEOPT PACKING pc=0x000001b761cb0365 sp=0x000000a0700fd3e0
Event: 0.336 Thread 0x000001b75cb4d1f0 DEOPT UNPACKING pc=0x000001b769207143 sp=0x000000a0700fc858 mode 0

Classes unloaded (0 events):
No events

Classes redefined (0 events):
No events

Internal exceptions (11 events):
Event: 0.246 Thread 0x000001b75cb4d1f0 Exception <a 'java/lang/NullPointerException'{0x000000071127dc30}> (0x000000071127dc30) 
thrown [s\src\hotspot\share\interpreter\linkResolver.cpp, line 1350]
Event: 0.316 Thread 0x000001b75cb4d1f0 Exception <a 'java/lang/NullPointerException'{0x00000007112d7128}> (0x00000007112d7128) 
thrown [s\src\hotspot\share\interpreter\linkResolver.cpp, line 1350]
Event: 0.316 Thread 0x000001b75cb4d1f0 Exception <a 'java/lang/NullPointerException'{0x00000007112d7400}> (0x00000007112d7400) 
thrown [s\src\hotspot\share\interpreter\linkResolver.cpp, line 1350]
Event: 0.316 Thread 0x000001b75cb4d1f0 Exception <a 'java/lang/NullPointerException'{0x00000007112d76d8}> (0x00000007112d76d8) 
thrown [s\src\hotspot\share\interpreter\linkResolver.cpp, line 1350]
Event: 0.317 Thread 0x000001b75cb4d1f0 Exception <a 'java/lang/NullPointerException'{0x00000007112ddf28}> (0x00000007112ddf28) 
thrown [s\src\hotspot\share\interpreter\linkResolver.cpp, line 1350]
Event: 0.318 Thread 0x000001b75cb4d1f0 Exception <a 'java/lang/NullPointerException'{0x00000007112f6240}> (0x00000007112f6240) 
thrown [s\src\hotspot\share\interpreter\linkResolver.cpp, line 1350]
Event: 0.318 Thread 0x000001b75cb4d1f0 Exception <a 'java/lang/NullPointerException'{0x00000007112f6518}> (0x00000007112f6518) 
thrown [s\src\hotspot\share\interpreter\linkResolver.cpp, line 1350]
Event: 0.318 Thread 0x000001b75cb4d1f0 Exception <a 'java/lang/NullPointerException'{0x00000007112f67f0}> (0x00000007112f67f0) 
thrown [s\src\hotspot\share\interpreter\linkResolver.cpp, line 1350]
Event: 0.318 Thread 0x000001b75cb4d1f0 Exception <a 'java/lang/NullPointerException'{0x00000007112f6ac8}> (0x00000007112f6ac8) 
thrown [s\src\hotspot\share\interpreter\linkResolver.cpp, line 1350]
Event: 0.376 Thread 0x000001b75cb4d1f0 Exception <a 'java/lang/NullPointerException'{0x000000071107add0}> (0x000000071107add0) 
thrown [s\src\hotspot\share\interpreter\linkResolver.cpp, line 1350]
Event: 0.376 Thread 0x000001b75cb4d1f0 Exception <a 'java/lang/NullPointerException'{0x0000000711083390}> (0x0000000711083390) 
thrown [s\src\hotspot\share\interpreter\linkResolver.cpp, line 1350]

VM Operations (6 events):
Event: 0.128 Executing VM operation: HandshakeAllThreads
Event: 0.128 Executing VM operation: HandshakeAllThreads done
Event: 0.245 Executing VM operation: HandshakeAllThreads
Event: 0.245 Executing VM operation: HandshakeAllThreads done
Event: 0.256 Executing VM operation: HandshakeAllThreads
Event: 0.256 Executing VM operation: HandshakeAllThreads done

Events (20 events):
Event: 0.366 loading class java/util/ServiceLoader$1 done
Event: 0.366 loading class java/util/ServiceLoader$ProviderImpl
Event: 0.366 loading class java/util/ServiceLoader$Provider
Event: 0.366 loading class java/util/ServiceLoader$Provider done
Event: 0.366 loading class java/util/ServiceLoader$ProviderImpl done
Event: 0.369 loading class java/text/DateFormat
Event: 0.369 loading class java/text/Format
Event: 0.369 loading class java/text/Format done
Event: 0.369 loading class java/text/DateFormat done
Event: 0.369 loading class java/text/SimpleDateFormat
Event: 0.370 loading class java/text/SimpleDateFormat done
Event: 0.373 loading class java/lang/InstantiationException
Event: 0.373 loading class java/lang/InstantiationException done
Event: 0.380 loading class java/lang/StringIndexOutOfBoundsException
Event: 0.380 loading class java/lang/IndexOutOfBoundsException
Event: 0.380 loading class java/lang/IndexOutOfBoundsException done
Event: 0.380 loading class java/lang/StringIndexOutOfBoundsException done
Event: 0.386 loading class java/io/StringReader
Event: 0.386 loading class java/io/StringReader done
Event: 0.386 loading class java/util/regex/Pattern$BnM


Dynamic libraries:
0x00007ff7a0b00000 - 0x00007ff7a0b0e000 	D:\Programme\spring-tool-suite-4-4.19.0.RELEASE-e4.28.0-win32.win32.x86_64\sts-4.19.0.RELEASE\plugins\org.eclipse.justj.openjdk.hotspot.jre.full.win32.x86_64_17.0.7.v20230425-1502\jre\bin\javaw.exe
0x00007ffb2bcf0000 - 0x00007ffb2bf07000 	C:\WINDOWS\SYSTEM32\ntdll.dll
0x00007ffaeb930000 - 0x00007ffaeb94a000 	C:\Program Files\Avast Software\Avast\aswhook.dll
0x00007ffb29f70000 - 0x00007ffb2a034000 	C:\WINDOWS\System32\KERNEL32.DLL
0x00007ffb29020000 - 0x00007ffb293f1000 	C:\WINDOWS\System32\KERNELBASE.dll
0x00007ffb295a0000 - 0x00007ffb296b1000 	C:\WINDOWS\System32\ucrtbase.dll
0x00007ffb0f280000 - 0x00007ffb0f299000 	D:\Programme\spring-tool-suite-4-4.19.0.RELEASE-e4.28.0-win32.win32.x86_64\sts-4.19.0.RELEASE\plugins\org.eclipse.justj.openjdk.hotspot.jre.full.win32.x86_64_17.0.7.v20230425-1502\jre\bin\VCRUNTIME140.dll
0x00007ffb210d0000 - 0x00007ffb210e7000 	D:\Programme\spring-tool-suite-4-4.19.0.RELEASE-e4.28.0-win32.win32.x86_64\sts-4.19.0.RELEASE\plugins\org.eclipse.justj.openjdk.hotspot.jre.full.win32.x86_64_17.0.7.v20230425-1502\jre\bin\jli.dll
0x00007ffb2b580000 - 0x00007ffb2b731000 	C:\WINDOWS\System32\USER32.dll
0x00007ffb28eb0000 - 0x00007ffb28ed6000 	C:\WINDOWS\System32\win32u.dll
0x00007ffb09b20000 - 0x00007ffb09db2000 	C:\WINDOWS\WinSxS\amd64_microsoft.windows.common-controls_6595b64144ccf1df_6.0.22621.4830_none_270fe7d773858e80\COMCTL32.dll
0x00007ffb2a040000 - 0x00007ffb2a069000 	C:\WINDOWS\System32\GDI32.dll
0x00007ffb2b4d0000 - 0x00007ffb2b577000 	C:\WINDOWS\System32\msvcrt.dll
0x00007ffb296c0000 - 0x00007ffb297db000 	C:\WINDOWS\System32\gdi32full.dll
0x00007ffb29920000 - 0x00007ffb299ba000 	C:\WINDOWS\System32\msvcp_win.dll
0x00007ffb2bbb0000 - 0x00007ffb2bbe1000 	C:\WINDOWS\System32\IMM32.DLL
0x00007ffb212a0000 - 0x00007ffb212ac000 	D:\Programme\spring-tool-suite-4-4.19.0.RELEASE-e4.28.0-win32.win32.x86_64\sts-4.19.0.RELEASE\plugins\org.eclipse.justj.openjdk.hotspot.jre.full.win32.x86_64_17.0.7.v20230425-1502\jre\bin\vcruntime140_1.dll
0x00007ffaf9c50000 - 0x00007ffaf9ce1000 	D:\Programme\spring-tool-suite-4-4.19.0.RELEASE-e4.28.0-win32.win32.x86_64\sts-4.19.0.RELEASE\plugins\org.eclipse.justj.openjdk.hotspot.jre.full.win32.x86_64_17.0.7.v20230425-1502\jre\bin\msvcp140.dll
0x00007ffabae10000 - 0x00007ffabba58000 	D:\Programme\spring-tool-suite-4-4.19.0.RELEASE-e4.28.0-win32.win32.x86_64\sts-4.19.0.RELEASE\plugins\org.eclipse.justj.openjdk.hotspot.jre.full.win32.x86_64_17.0.7.v20230425-1502\jre\bin\server\jvm.dll
0x00007ffb29e40000 - 0x00007ffb29ef1000 	C:\WINDOWS\System32\ADVAPI32.dll
0x00007ffb2a870000 - 0x00007ffb2a917000 	C:\WINDOWS\System32\sechost.dll
0x00007ffb29570000 - 0x00007ffb29598000 	C:\WINDOWS\System32\bcrypt.dll
0x00007ffb2b740000 - 0x00007ffb2b854000 	C:\WINDOWS\System32\RPCRT4.dll
0x00007ffb21090000 - 0x00007ffb210c4000 	C:\WINDOWS\SYSTEM32\WINMM.dll
0x00007ffb12f00000 - 0x00007ffb12f09000 	C:\WINDOWS\SYSTEM32\WSOCK32.dll
0x00007ffb21800000 - 0x00007ffb2180a000 	C:\WINDOWS\SYSTEM32\VERSION.dll
0x00007ffb2b440000 - 0x00007ffb2b4b1000 	C:\WINDOWS\System32\WS2_32.dll
0x00007ffb27ed0000 - 0x00007ffb27ee8000 	C:\WINDOWS\SYSTEM32\kernel.appcore.dll
0x00007ffb26030000 - 0x00007ffb2603a000 	D:\Programme\spring-tool-suite-4-4.19.0.RELEASE-e4.28.0-win32.win32.x86_64\sts-4.19.0.RELEASE\plugins\org.eclipse.justj.openjdk.hotspot.jre.full.win32.x86_64_17.0.7.v20230425-1502\jre\bin\jimage.dll
0x00007ffb196c0000 - 0x00007ffb198f2000 	C:\WINDOWS\SYSTEM32\DBGHELP.DLL
0x00007ffb29ab0000 - 0x00007ffb29e40000 	C:\WINDOWS\System32\combase.dll
0x00007ffb299c0000 - 0x00007ffb29a97000 	C:\WINDOWS\System32\OLEAUT32.dll
0x00007ffb19300000 - 0x00007ffb19332000 	C:\WINDOWS\SYSTEM32\dbgcore.DLL
0x00007ffb28e30000 - 0x00007ffb28eab000 	C:\WINDOWS\System32\bcryptPrimitives.dll
0x00007ffb121d0000 - 0x00007ffb121f5000 	D:\Programme\spring-tool-suite-4-4.19.0.RELEASE-e4.28.0-win32.win32.x86_64\sts-4.19.0.RELEASE\plugins\org.eclipse.justj.openjdk.hotspot.jre.full.win32.x86_64_17.0.7.v20230425-1502\jre\bin\java.dll
0x00007ffb12220000 - 0x00007ffb12238000 	D:\Programme\spring-tool-suite-4-4.19.0.RELEASE-e4.28.0-win32.win32.x86_64\sts-4.19.0.RELEASE\plugins\org.eclipse.justj.openjdk.hotspot.jre.full.win32.x86_64_17.0.7.v20230425-1502\jre\bin\zip.dll
0x00007ffb2a990000 - 0x00007ffb2b218000 	C:\WINDOWS\System32\SHELL32.dll
0x00007ffb28ee0000 - 0x00007ffb2901f000 	C:\WINDOWS\System32\wintypes.dll
0x00007ffb26d50000 - 0x00007ffb2765d000 	C:\WINDOWS\SYSTEM32\windows.storage.dll
0x00007ffb2a740000 - 0x00007ffb2a84a000 	C:\WINDOWS\System32\SHCORE.dll
0x00007ffb2b220000 - 0x00007ffb2b27e000 	C:\WINDOWS\System32\shlwapi.dll
0x00007ffb28d60000 - 0x00007ffb28d8b000 	C:\WINDOWS\SYSTEM32\profapi.dll
0x00007ffb12150000 - 0x00007ffb12169000 	D:\Programme\spring-tool-suite-4-4.19.0.RELEASE-e4.28.0-win32.win32.x86_64\sts-4.19.0.RELEASE\plugins\org.eclipse.justj.openjdk.hotspot.jre.full.win32.x86_64_17.0.7.v20230425-1502\jre\bin\net.dll
0x00007ffb1f7b0000 - 0x00007ffb1f8dc000 	C:\WINDOWS\SYSTEM32\WINHTTP.dll
0x00007ffb283a0000 - 0x00007ffb2840a000 	C:\WINDOWS\system32\mswsock.dll
0x00007ffb11df0000 - 0x00007ffb11e05000 	D:\Programme\spring-tool-suite-4-4.19.0.RELEASE-e4.28.0-win32.win32.x86_64\sts-4.19.0.RELEASE\plugins\org.eclipse.justj.openjdk.hotspot.jre.full.win32.x86_64_17.0.7.v20230425-1502\jre\bin\nio.dll
0x0000000069ac0000 - 0x0000000069ae4000 	C:\Users\inesd\AppData\Local\Temp\jansi-2.4.0-567e6e260978bf38-jansi.dll

dbghelp: loaded successfully - version: 4.0.5 - missing functions: none
symbol engine: initialized successfully - sym options: 0x614 - pdb path: .;D:\Programme\spring-tool-suite-4-4.19.0.RELEASE-e4.28.0-win32.win32.x86_64\sts-4.19.0.RELEASE\plugins\org.eclipse.justj.openjdk.hotspot.jre.full.win32.x86_64_17.0.7.v20230425-1502\jre\bin;C:\WINDOWS\SYSTEM32;C:\Program Files\Avast Software\Avast;C:\WINDOWS\WinSxS\amd64_microsoft.windows.common-controls_6595b64144ccf1df_6.0.22621.4830_none_270fe7d773858e80;D:\Programme\spring-tool-suite-4-4.19.0.RELEASE-e4.28.0-win32.win32.x86_64\sts-4.19.0.RELEASE\plugins\org.eclipse.justj.openjdk.hotspot.jre.full.win32.x86_64_17.0.7.v20230425-1502\jre\bin\server;C:\Users\inesd\AppData\Local\Temp

VM Arguments:
jvm_args: -Dmaven.home=EMBEDDED -Dclassworlds.conf=D:\fitcontrol\fitcontrol-3.0\.metadata\.plugins\org.eclipse.m2e.launching\launches\m2conf6177715987164355114.tmp -Dmaven.multiModuleProjectDirectory=D:\fitcontrol\fitcontrol-3.0\fitcontrol-parent -Dm2e.build.project.data.socket.port=60175 -Dfile.encoding=UTF-8 -XX:+ShowCodeDetailsInExceptionMessages 
java_command: org.codehaus.plexus.classworlds.launcher.Launcher -B -Dstyle.color=always clean
java_class_path (initial): D:\Programme\spring-tool-suite-4-4.19.0.RELEASE-e4.28.0-win32.win32.x86_64\sts-4.19.0.RELEASE\plugins\org.eclipse.m2e.maven.runtime_3.9.100.20230519-1558\jars\plexus-classworlds-2.6.0.jar
Launcher Type: SUN_STANDARD

[Global flags]
     intx CICompilerCount                          = 4                                         {product} {ergonomic}
     uint ConcGCThreads                            = 3                                         {product} {ergonomic}
     uint G1ConcRefinementThreads                  = 10                                        {product} {ergonomic}
   size_t G1HeapRegionSize                         = 2097152                                   {product} {ergonomic}
    uintx GCDrainStackTargetSize                   = 64                                        {product} {ergonomic}
   size_t InitialHeapSize                          = 268435456                                 {product} {ergonomic}
   size_t MarkStackSize                            = 4194304                                   {product} {ergonomic}
   size_t MaxHeapSize                              = 4269801472                                {product} {ergonomic}
   size_t MaxNewSize                               = 2560622592                                {product} {ergonomic}
   size_t MinHeapDeltaBytes                        = 2097152                                   {product} {ergonomic}
   size_t MinHeapSize                              = 8388608                                   {product} {ergonomic}
    uintx NonNMethodCodeHeapSize                   = 5839372                                {pd product} {ergonomic}
    uintx NonProfiledCodeHeapSize                  = 122909434                              {pd product} {ergonomic}
    uintx ProfiledCodeHeapSize                     = 122909434                              {pd product} {ergonomic}
    uintx ReservedCodeCacheSize                    = 251658240                              {pd product} {ergonomic}
     bool SegmentedCodeCache                       = true                                      {product} {ergonomic}
     bool ShowCodeDetailsInExceptionMessages       = true                                   {manageable} {command line}
   size_t SoftMaxHeapSize                          = 4269801472                             {manageable} {ergonomic}
     bool UseCompressedClassPointers               = true                           {product lp64_product} {ergonomic}
     bool UseCompressedOops                        = true                           {product lp64_product} {ergonomic}
     bool UseG1GC                                  = true                                      {product} {ergonomic}
     bool UseLargePagesIndividualAllocation        = false                                  {pd product} {ergonomic}

Logging:
Log output configuration:
 #0: stdout all=warning uptime,level,tags
 #1: stderr all=off uptime,level,tags

Environment Variables:
JAVA_HOME=C:\Program Files\Amazon Corretto\jdk17.0.13_11
PATH=D:/Programme/spring-tool-suite-4-4.19.0.RELEASE-e4.28.0-win32.win32.x86_64/sts-4.19.0.RELEASE//plugins/org.eclipse.justj.openjdk.hotspot.jre.full.win32.x86_64_17.0.7.v20230425-1502/jre/bin/server;D:/Programme/spring-tool-suite-4-4.19.0.RELEASE-e4.28.0-win32.win32.x86_64/sts-4.19.0.RELEASE//plugins/org.eclipse.justj.openjdk.hotspot.jre.full.win32.x86_64_17.0.7.v20230425-1502/jre/bin;C:\Program Files\Amazon Corretto\jdk17.0.13_11\bin;C:\Program Files (x86)\Common Files\Oracle\Java\java8path;C:\Program Files (x86)\Common Files\Oracle\Java\javapath;C:\Program Files (x86)\Razer Chroma SDK\bin;C:\Program Files\Razer Chroma SDK\bin;C:\Program Files (x86)\Intel\Intel(R) Management Engine Components\iCLS\;C:\Program Files\Intel\Intel(R) Management Engine Components\iCLS\;C:\Windows\system32;C:\Windows;C:\Windows\System32\Wbem;C:\Windows\System32\WindowsPowerShell\v1.0\;C:\Windows\System32\OpenSSH\;C:\Program Files (x86)\Intel\Intel(R) Management Engine Components\DAL;C:\Program Files\Intel\Intel(R) Management Engine Components\DAL;C:\Program Files (x86)\Intel\Intel(R) Management Engine Components\IPT;C:\Program Files\Intel\Intel(R) Management Engine Components\IPT;C:\Program Files\Intel\WiFi\bin\;C:\Program Files\Common Files\Intel\WirelessCommon\;C:\Program Files (x86)\NVIDIA Corporation\PhysX\Common;C:\Users\Administrator\AppData\Local\Microsoft\WindowsApps;C:\WINDOWS\system32;C:\WINDOWS;C:\WINDOWS\System32\Wbem;C:\WINDOWS\System32\WindowsPowerShell\v1.0\;C:\WINDOWS\System32\OpenSSH\;C:\Program Files (x86)\Java\jre-1.8;C:\ProgramData\chocolatey\bin;C:\Program Files\RabbitMQ Server\rabbitmq_server-3.12.1\sbin;C:\apache-maven-3.8.8\bin;C:\Program Files\liquibase;C:\Program Files\Docker\Docker\resources\bin;C:\Users\inesd\AppData\Roaming\nvm;C:\Program Files\nodejs;C:\Program Files\dotnet\;D:\Windows Kits\10\Windows Performance Toolkit\;D:\fitcontrol\geckodriver-v0.35.0-win64\geckodriver.exe;C:\Program Files\Git\cmd;D:\Programme\minikube;C:\Python312\Scripts\;C:\Python312\;
USERNAME=inesd
OS=Windows_NT
PROCESSOR_IDENTIFIER=Intel64 Family 6 Model 158 Stepping 10, GenuineIntel
TMP=C:\Users\inesd\AppData\Local\Temp
TEMP=C:\Users\inesd\AppData\Local\Temp



---------------  S Y S T E M  ---------------

OS:
 Windows 11 , 64 bit Build 22621 (10.0.22621.4974)
OS uptime: 0 days 4:37 hours
Hyper-V role detected

CPU: total 12 (initial active 12) (6 cores per cpu, 2 threads per core) family 6 model 158 stepping 10 microcode 0xde, cx8, cmov, fxsr, ht, mmx, 3dnowpref, sse, sse2, sse3, ssse3, sse4.1, sse4.2, popcnt, lzcnt, tsc, tscinvbit, avx, avx2, aes, erms, clmul, bmi1, bmi2, adx, fma, vzeroupper, clflush, clflushopt, hv

Memory: 4k page, system-wide physical 16284M (1237M free)
TotalPageFile size 28783M (AvailPageFile size 3M)
current process WorkingSet (physical memory assigned to process): 54M, peak: 54M
current process commit charge ("private bytes"): 354M, peak: 354M

vm_info: OpenJDK 64-Bit Server VM (17.0.7+7) for windows-amd64 JRE (17.0.7+7), built on Apr 18 2023 22:10:42 by "temurin" with MS VC++ 16.7 (VS2019)

END.
